<?xml version="1.0" encoding="UTF-8"?>
<testsuite xmlns:xsi="http://www.w3.org/2001/XMLSchema-instance" xsi:noNamespaceSchemaLocation="https://maven.apache.org/surefire/maven-surefire-plugin/xsd/surefire-test-report-3.0.xsd" version="3.0" name="com.example.demo.JwtAuthDemoApplicationTests" time="19.313" tests="1" errors="0" skipped="0" failures="0">
  <properties>
[...]
</properties>
  <testcase name="contextLoads" classname="com.example.demo.JwtAuthDemoApplicationTests" time="1.746">
    <system-out><![CDATA[16:51:49.871 [main] INFO org.springframework.test.context.support.AnnotationConfigContextLoaderUtils -- Could not detect default configuration classes for test class [com.example.demo.JwtAuthDemoApplicationTests]: JwtAuthDemoApplicationTests does not declare any static, non-private, non-final, nested classes annotated with @Configuration.
16:51:50.200 [main] INFO org.springframework.boot.test.context.SpringBootTestContextBootstrapper -- Found @SpringBootConfiguration com.example.demo.JwtAuthDemoApplication for test class com.example.demo.JwtAuthDemoApplicationTests

  .   ____          _            __ _ _
 /\\ / ___'_ __ _ _(_)_ __  __ _ \ \ \ \
( ( )\___ | '_ | '_| | '_ \/ _` | \ \ \ \
 \\/  ___)| |_)| | | | | || (_| |  ) ) ) )
  '  |____| .__|_| |_|_| |_\__, | / / / /
 =========|_|==============|___/=/_/_/_/
 :: Spring Boot ::                (v3.2.2)

2026-01-09T16:51:51.430+05:30  INFO 18680 --- [jwt-auth-demo] [           main] c.e.demo.JwtAuthDemoApplicationTests     : Starting JwtAuthDemoApplicationTests using Java 21.0.6 with PID 18680 (started by Harini M in C:\Users\Harini M\Documents\workspace-spring-tools-for-eclipse-4.30.0.RELEASE\jwt-auth-demo)
2026-01-09T16:51:51.433+05:30  INFO 18680 --- [jwt-auth-demo] [           main] c.e.demo.JwtAuthDemoApplicationTests     : No active profile set, falling back to 1 default profile: "default"
2026-01-09T16:51:54.037+05:30  INFO 18680 --- [jwt-auth-demo] [           main] .s.d.r.c.RepositoryConfigurationDelegate : Bootstrapping Spring Data JPA repositories in DEFAULT mode.
2026-01-09T16:51:54.269+05:30  INFO 18680 --- [jwt-auth-demo] [           main] .s.d.r.c.RepositoryConfigurationDelegate : Finished Spring Data repository scanning in 203 ms. Found 2 JPA repository interfaces.
2026-01-09T16:51:56.332+05:30  INFO 18680 --- [jwt-auth-demo] [           main] o.hibernate.jpa.internal.util.LogHelper  : HHH000204: Processing PersistenceUnitInfo [name: default]
2026-01-09T16:51:56.555+05:30  INFO 18680 --- [jwt-auth-demo] [           main] org.hibernate.Version                    : HHH000412: Hibernate ORM core version 6.4.1.Final
2026-01-09T16:51:56.675+05:30  INFO 18680 --- [jwt-auth-demo] [           main] o.h.c.internal.RegionFactoryInitiator    : HHH000026: Second-level cache disabled
2026-01-09T16:51:57.700+05:30  INFO 18680 --- [jwt-auth-demo] [           main] o.s.o.j.p.SpringPersistenceUnitInfo      : No LoadTimeWeaver setup: ignoring JPA class transformer
2026-01-09T16:51:57.832+05:30  INFO 18680 --- [jwt-auth-demo] [           main] com.zaxxer.hikari.HikariDataSource       : HikariPool-1 - Starting...
2026-01-09T16:51:58.930+05:30  INFO 18680 --- [jwt-auth-demo] [           main] com.zaxxer.hikari.pool.HikariPool        : HikariPool-1 - Added connection com.mysql.cj.jdbc.ConnectionImpl@770cae59
2026-01-09T16:51:58.936+05:30  INFO 18680 --- [jwt-auth-demo] [           main] com.zaxxer.hikari.HikariDataSource       : HikariPool-1 - Start completed.
2026-01-09T16:51:59.090+05:30  WARN 18680 --- [jwt-auth-demo] [           main] org.hibernate.orm.deprecation            : HHH90000025: MySQL8Dialect does not need to be specified explicitly using 'hibernate.dialect' (remove the property setting and it will be selected by default)
2026-01-09T16:51:59.097+05:30  WARN 18680 --- [jwt-auth-demo] [           main] org.hibernate.orm.deprecation            : HHH90000026: MySQL8Dialect has been deprecated; use org.hibernate.dialect.MySQLDialect instead
2026-01-09T16:52:01.587+05:30  INFO 18680 --- [jwt-auth-demo] [           main] o.h.e.t.j.p.i.JtaPlatformInitiator       : HHH000489: No JTA platform available (set 'hibernate.transaction.jta.platform' to enable JTA platform integration)
Hibernate: alter table lifestyle_survey modify column id bigint not null auto_increment
Hibernate: create table users (id bigint not null auto_increment, password varchar(255), username varchar(255), primary key (id)) engine=InnoDB
2026-01-09T16:52:02.017+05:30  INFO 18680 --- [jwt-auth-demo] [           main] j.LocalContainerEntityManagerFactoryBean : Initialized JPA EntityManagerFactory for persistence unit 'default'
2026-01-09T16:52:03.688+05:30  WARN 18680 --- [jwt-auth-demo] [           main] JpaBaseConfiguration$JpaWebConfiguration : spring.jpa.open-in-view is enabled by default. Therefore, database queries may be performed during view rendering. Explicitly configure spring.jpa.open-in-view to disable this warning
2026-01-09T16:52:04.869+05:30  INFO 18680 --- [jwt-auth-demo] [           main] o.s.s.web.DefaultSecurityFilterChain     : Will secure any request with [org.springframework.security.web.session.DisableEncodeUrlFilter@44181746, org.springframework.security.web.context.request.async.WebAsyncManagerIntegrationFilter@21fa19e4, org.springframework.security.web.context.SecurityContextHolderFilter@7789526e, org.springframework.security.web.header.HeaderWriterFilter@5d1eb214, org.springframework.web.filter.CorsFilter@33a58fcb, org.springframework.security.web.authentication.logout.LogoutFilter@2bf0bb93, com.example.demo.config.JwtRequestFilter@5c41f6a0, org.springframework.security.web.savedrequest.RequestCacheAwareFilter@580e01cd, org.springframework.security.web.servletapi.SecurityContextHolderAwareRequestFilter@1e9a10e9, org.springframework.security.web.authentication.AnonymousAuthenticationFilter@36a8ebca, org.springframework.security.web.access.ExceptionTranslationFilter@52b7c1d9, org.springframework.security.web.access.intercept.AuthorizationFilter@f73a7cf]
2026-01-09T16:52:05.985+05:30  INFO 18680 --- [jwt-auth-demo] [           main] c.e.demo.JwtAuthDemoApplicationTests     : Started JwtAuthDemoApplicationTests in 15.294 seconds (process running for 18.759)
Hibernate: select u1_0.id,u1_0.password,u1_0.username from users u1_0 where u1_0.username=?
Hibernate: insert into users (password,username) values (?,?)
--- Test User Created in Database ---
]]></system-out>
    <system-err><![CDATA[WARNING: A Java agent has been loaded dynamically (C:\Users\Harini M\.m2\repository\net\bytebuddy\byte-buddy-agent\1.14.11\byte-buddy-agent-1.14.11.jar)
WARNING: If a serviceability tool is in use, please run with -XX:+EnableDynamicAgentLoading to hide this warning
WARNING: If a serviceability tool is not in use, please run with -Djdk.instrument.traceUsage for more information
WARNING: Dynamic loading of agents will be disallowed by default in a future release
]]></system-err>
  </testcase>
</testsuite>